# JRE version: OpenJDK Runtime Environment (8.0_242-b01) (build 1.8.0_242-release-1644-b01)
# Java VM: OpenJDK 64-Bit Server VM (25.242-b01 mixed mode windows-amd64 compressed oops)
Heap:
 PSYoungGen      total 233984K, used 212567K [0x00000000e0000000, 0x00000000f0280000, 0x0000000100000000)
  eden space 212480K, 89% used [0x00000000e0000000,0x00000000eba9baf0,0x00000000ecf80000)
  from space 21504K, 99% used [0x00000000ed880000,0x00000000eed7a3b8,0x00000000eed80000)
  to   space 18432K, 0% used [0x00000000ef080000,0x00000000ef080000,0x00000000f0280000)
 ParOldGen       total 204800K, used 47030K [0x00000000a0000000, 0x00000000ac800000, 0x00000000e0000000)
  object space 204800K, 22% used [0x00000000a0000000,0x00000000a2deda08,0x00000000ac800000)
 Metaspace       used 75251K, capacity 78334K, committed 78552K, reserved 1118208K
  class space    used 9868K, capacity 10487K, committed 10496K, reserved 1048576K
GC Heap History (10 events):
Event: 10.686 GC heap before
{Heap before GC invocations=10 (full 2):
 PSYoungGen      total 122368K, used 110592K [0x00000000e0000000, 0x00000000ecb00000, 0x0000000100000000)
  eden space 110592K, 100% used [0x00000000e0000000,0x00000000e6c00000,0x00000000e6c00000)
  from space 11776K, 0% used [0x00000000e6c00000,0x00000000e6c00000,0x00000000e7780000)
  to   space 11776K, 0% used [0x00000000ebf80000,0x00000000ebf80000,0x00000000ecb00000)
 ParOldGen       total 132096K, used 16690K [0x00000000a0000000, 0x00000000a8100000, 0x00000000e0000000)
  object space 132096K, 12% used [0x00000000a0000000,0x00000000a104cba8,0x00000000a8100000)
 Metaspace       used 44413K, capacity 45600K, committed 45824K, reserved 1089536K
  class space    used 5989K, capacity 6290K, committed 6400K, reserved 1048576K
Event: 10.717 GC heap after
Heap after GC invocations=10 (full 2):
 PSYoungGen      total 183808K, used 11771K [0x00000000e0000000, 0x00000000ecb00000, 0x0000000100000000)
  eden space 172032K, 0% used [0x00000000e0000000,0x00000000e0000000,0x00000000ea800000)
  from space 11776K, 99% used [0x00000000ebf80000,0x00000000ecafec30,0x00000000ecb00000)
  to   space 13824K, 0% used [0x00000000eb000000,0x00000000eb000000,0x00000000ebd80000)
 ParOldGen       total 132096K, used 18871K [0x00000000a0000000, 0x00000000a8100000, 0x00000000e0000000)
  object space 132096K, 14% used [0x00000000a0000000,0x00000000a126dc18,0x00000000a8100000)
 Metaspace       used 44413K, capacity 45600K, committed 45824K, reserved 1089536K
  class space    used 5989K, capacity 6290K, committed 6400K, reserved 1048576K
}
Event: 14.322 GC heap before
{Heap before GC invocations=11 (full 2):
 PSYoungGen      total 183808K, used 177444K [0x00000000e0000000, 0x00000000ecb00000, 0x0000000100000000)
  eden space 172032K, 96% used [0x00000000e0000000,0x00000000ea1ca5e0,0x00000000ea800000)
  from space 11776K, 99% used [0x00000000ebf80000,0x00000000ecafec30,0x00000000ecb00000)
  to   space 13824K, 0% used [0x00000000eb000000,0x00000000eb000000,0x00000000ebd80000)
 ParOldGen       total 132096K, used 18871K [0x00000000a0000000, 0x00000000a8100000, 0x00000000e0000000)
  object space 132096K, 14% used [0x00000000a0000000,0x00000000a126dc18,0x00000000a8100000)
 Metaspace       used 57140K, capacity 58968K, committed 59096K, reserved 1099776K
  class space    used 7788K, capacity 8190K, committed 8192K, reserved 1048576K
Event: 14.355 GC heap after
Heap after GC invocations=11 (full 2):
 PSYoungGen      total 194048K, used 13820K [0x00000000e0000000, 0x00000000f0400000, 0x0000000100000000)
  eden space 180224K, 0% used [0x00000000e0000000,0x00000000e0000000,0x00000000eb000000)
  from space 13824K, 99% used [0x00000000eb000000,0x00000000ebd7f340,0x00000000ebd80000)
  to   space 19968K, 0% used [0x00000000ef080000,0x00000000ef080000,0x00000000f0400000)
 ParOldGen       total 132096K, used 30029K [0x00000000a0000000, 0x00000000a8100000, 0x00000000e0000000)
  object space 132096K, 22% used [0x00000000a0000000,0x00000000a1d53580,0x00000000a8100000)
 Metaspace       used 57140K, capacity 58968K, committed 59096K, reserved 1099776K
  class space    used 7788K, capacity 8190K, committed 8192K, reserved 1048576K
}
Event: 14.355 GC heap before
{Heap before GC invocations=12 (full 3):
 PSYoungGen      total 194048K, used 13820K [0x00000000e0000000, 0x00000000f0400000, 0x0000000100000000)
  eden space 180224K, 0% used [0x00000000e0000000,0x00000000e0000000,0x00000000eb000000)
  from space 13824K, 99% used [0x00000000eb000000,0x00000000ebd7f340,0x00000000ebd80000)
  to   space 19968K, 0% used [0x00000000ef080000,0x00000000ef080000,0x00000000f0400000)
 ParOldGen       total 132096K, used 30029K [0x00000000a0000000, 0x00000000a8100000, 0x00000000e0000000)
  object space 132096K, 22% used [0x00000000a0000000,0x00000000a1d53580,0x00000000a8100000)
 Metaspace       used 57140K, capacity 58968K, committed 59096K, reserved 1099776K
  class space    used 7788K, capacity 8190K, committed 8192K, reserved 1048576K
Event: 14.762 GC heap after
Heap after GC invocations=12 (full 3):
 PSYoungGen      total 194048K, used 0K [0x00000000e0000000, 0x00000000f0400000, 0x0000000100000000)
  eden space 180224K, 0% used [0x00000000e0000000,0x00000000e0000000,0x00000000eb000000)
  from space 13824K, 0% used [0x00000000eb000000,0x00000000eb000000,0x00000000ebd80000)
  to   space 19968K, 0% used [0x00000000ef080000,0x00000000ef080000,0x00000000f0400000)
 ParOldGen       total 204800K, used 38390K [0x00000000a0000000, 0x00000000ac800000, 0x00000000e0000000)
  object space 204800K, 18% used [0x00000000a0000000,0x00000000a257d990,0x00000000ac800000)
 Metaspace       used 57140K, capacity 58968K, committed 59096K, reserved 1099776K
  class space    used 7788K, capacity 8190K, committed 8192K, reserved 1048576K
}
Event: 18.926 GC heap before
{Heap before GC invocations=13 (full 3):
 PSYoungGen      total 194048K, used 180224K [0x00000000e0000000, 0x00000000f0400000, 0x0000000100000000)
  eden space 180224K, 100% used [0x00000000e0000000,0x00000000eb000000,0x00000000eb000000)
  from space 13824K, 0% used [0x00000000eb000000,0x00000000eb000000,0x00000000ebd80000)
  to   space 19968K, 0% used [0x00000000ef080000,0x00000000ef080000,0x00000000f0400000)
 ParOldGen       total 204800K, used 38390K [0x00000000a0000000, 0x00000000ac800000, 0x00000000e0000000)
  object space 204800K, 18% used [0x00000000a0000000,0x00000000a257d990,0x00000000ac800000)
 Metaspace       used 65702K, capacity 68252K, committed 68312K, reserved 1107968K
  class space    used 8935K, capacity 9444K, committed 9472K, reserved 1048576K
Event: 18.955 GC heap after
Heap after GC invocations=13 (full 3):
 PSYoungGen      total 230912K, used 18196K [0x00000000e0000000, 0x00000000f0280000, 0x0000000100000000)
  eden space 212480K, 0% used [0x00000000e0000000,0x00000000e0000000,0x00000000ecf80000)
  from space 18432K, 98% used [0x00000000ef080000,0x00000000f02453b0,0x00000000f0280000)
  to   space 21504K, 0% used [0x00000000ed880000,0x00000000ed880000,0x00000000eed80000)
 ParOldGen       total 204800K, used 38398K [0x00000000a0000000, 0x00000000ac800000, 0x00000000e0000000)
  object space 204800K, 18% used [0x00000000a0000000,0x00000000a257f990,0x00000000ac800000)
 Metaspace       used 65702K, capacity 68252K, committed 68312K, reserved 1107968K
  class space    used 8935K, capacity 9444K, committed 9472K, reserved 1048576K
}
Event: 24.311 GC heap before
{Heap before GC invocations=14 (full 3):
 PSYoungGen      total 230912K, used 230676K [0x00000000e0000000, 0x00000000f0280000, 0x0000000100000000)
  eden space 212480K, 100% used [0x00000000e0000000,0x00000000ecf80000,0x00000000ecf80000)
  from space 18432K, 98% used [0x00000000ef080000,0x00000000f02453b0,0x00000000f0280000)
  to   space 21504K, 0% used [0x00000000ed880000,0x00000000ed880000,0x00000000eed80000)
 ParOldGen       total 204800K, used 38398K [0x00000000a0000000, 0x00000000ac800000, 0x00000000e0000000)
  object space 204800K, 18% used [0x00000000a0000000,0x00000000a257f990,0x00000000ac800000)
 Metaspace       used 73052K, capacity 75840K, committed 76120K, reserved 1116160K
  class space    used 9757K, capacity 10310K, committed 10368K, reserved 1048576K
Event: 24.350 GC heap after
Heap after GC invocations=14 (full 3):
 PSYoungGen      total 233984K, used 21480K [0x00000000e0000000, 0x00000000f0280000, 0x0000000100000000)
  eden space 212480K, 0% used [0x00000000e0000000,0x00000000e0000000,0x00000000ecf80000)
  from space 21504K, 99% used [0x00000000ed880000,0x00000000eed7a3b8,0x00000000eed80000)
  to   space 18432K, 0% used [0x00000000ef080000,0x00000000ef080000,0x00000000f0280000)
 ParOldGen       total 204800K, used 47030K [0x00000000a0000000, 0x00000000ac800000, 0x00000000e0000000)
  object space 204800K, 22% used [0x00000000a0000000,0x00000000a2deda08,0x00000000ac800000)
 Metaspace       used 73052K, capacity 75840K, committed 76120K, reserved 1116160K
  class space    used 9757K, capacity 10310K, committed 10368K, reserved 1048576K
}

