# JRE version: OpenJDK Runtime Environment (8.0_242-b01) (build 1.8.0_242-release-1644-b01)
# Java VM: OpenJDK 64-Bit Server VM (25.242-b01 mixed mode windows-amd64 compressed oops)
Heap:
 PSYoungGen      total 414720K, used 98228K [0x00000000e0000000, 0x00000000fb680000, 0x0000000100000000)
  eden space 380416K, 25% used [0x00000000e0000000,0x00000000e5fed038,0x00000000f7380000)
  from space 34304K, 0% used [0x00000000f7380000,0x00000000f7380000,0x00000000f9500000)
  to   space 22528K, 0% used [0x00000000fa080000,0x00000000fa080000,0x00000000fb680000)
 ParOldGen       total 151552K, used 72284K [0x00000000a0000000, 0x00000000a9400000, 0x00000000e0000000)
  object space 151552K, 47% used [0x00000000a0000000,0x00000000a4697390,0x00000000a9400000)
 Metaspace       used 102967K, capacity 107154K, committed 107392K, reserved 1142784K
  class space    used 13371K, capacity 14185K, committed 14208K, reserved 1048576K
GC Heap History (10 events):
Event: 44.929 GC heap before
{Heap before GC invocations=13 (full 3):
 PSYoungGen      total 245248K, used 230912K [0x00000000e0000000, 0x00000000f5480000, 0x0000000100000000)
  eden space 230912K, 100% used [0x00000000e0000000,0x00000000ee180000,0x00000000ee180000)
  from space 14336K, 0% used [0x00000000ee180000,0x00000000ee180000,0x00000000eef80000)
  to   space 20480K, 0% used [0x00000000f4080000,0x00000000f4080000,0x00000000f5480000)
 ParOldGen       total 151552K, used 38420K [0x00000000a0000000, 0x00000000a9400000, 0x00000000e0000000)
  object space 151552K, 25% used [0x00000000a0000000,0x00000000a2585198,0x00000000a9400000)
 Metaspace       used 66619K, capacity 69110K, committed 69248K, reserved 1110016K
  class space    used 9031K, capacity 9579K, committed 9600K, reserved 1048576K
Event: 44.960 GC heap after
Heap after GC invocations=13 (full 3):
 PSYoungGen      total 325632K, used 20476K [0x00000000e0000000, 0x00000000f5800000, 0x0000000100000000)
  eden space 305152K, 0% used [0x00000000e0000000,0x00000000e0000000,0x00000000f2a00000)
  from space 20480K, 99% used [0x00000000f4080000,0x00000000f547f150,0x00000000f5480000)
  to   space 23040K, 0% used [0x00000000f2a00000,0x00000000f2a00000,0x00000000f4080000)
 ParOldGen       total 151552K, used 39032K [0x00000000a0000000, 0x00000000a9400000, 0x00000000e0000000)
  object space 151552K, 25% used [0x00000000a0000000,0x00000000a261e2c8,0x00000000a9400000)
 Metaspace       used 66619K, capacity 69110K, committed 69248K, reserved 1110016K
  class space    used 9031K, capacity 9579K, committed 9600K, reserved 1048576K
}
Event: 73.064 GC heap before
{Heap before GC invocations=14 (full 3):
 PSYoungGen      total 325632K, used 325628K [0x00000000e0000000, 0x00000000f5800000, 0x0000000100000000)
  eden space 305152K, 100% used [0x00000000e0000000,0x00000000f2a00000,0x00000000f2a00000)
  from space 20480K, 99% used [0x00000000f4080000,0x00000000f547f150,0x00000000f5480000)
  to   space 23040K, 0% used [0x00000000f2a00000,0x00000000f2a00000,0x00000000f4080000)
 ParOldGen       total 151552K, used 39032K [0x00000000a0000000, 0x00000000a9400000, 0x00000000e0000000)
  object space 151552K, 25% used [0x00000000a0000000,0x00000000a261e2c8,0x00000000a9400000)
 Metaspace       used 81975K, capacity 84768K, committed 84992K, reserved 1122304K
  class space    used 10836K, capacity 11486K, committed 11520K, reserved 1048576K
Event: 73.099 GC heap after
Heap after GC invocations=14 (full 3):
 PSYoungGen      total 328192K, used 23019K [0x00000000e0000000, 0x00000000fc200000, 0x0000000100000000)
  eden space 305152K, 0% used [0x00000000e0000000,0x00000000e0000000,0x00000000f2a00000)
  from space 23040K, 99% used [0x00000000f2a00000,0x00000000f407ac18,0x00000000f4080000)
  to   space 34304K, 0% used [0x00000000fa080000,0x00000000fa080000,0x00000000fc200000)
 ParOldGen       total 151552K, used 61176K [0x00000000a0000000, 0x00000000a9400000, 0x00000000e0000000)
  object space 151552K, 40% used [0x00000000a0000000,0x00000000a3bbe2f0,0x00000000a9400000)
 Metaspace       used 81975K, capacity 84768K, committed 84992K, reserved 1122304K
  class space    used 10836K, capacity 11486K, committed 11520K, reserved 1048576K
}
Event: 139.051 GC heap before
{Heap before GC invocations=15 (full 3):
 PSYoungGen      total 328192K, used 328171K [0x00000000e0000000, 0x00000000fc200000, 0x0000000100000000)
  eden space 305152K, 100% used [0x00000000e0000000,0x00000000f2a00000,0x00000000f2a00000)
  from space 23040K, 99% used [0x00000000f2a00000,0x00000000f407ac18,0x00000000f4080000)
  to   space 34304K, 0% used [0x00000000fa080000,0x00000000fa080000,0x00000000fc200000)
 ParOldGen       total 151552K, used 61176K [0x00000000a0000000, 0x00000000a9400000, 0x00000000e0000000)
  object space 151552K, 40% used [0x00000000a0000000,0x00000000a3bbe2f0,0x00000000a9400000)
 Metaspace       used 93276K, capacity 96344K, committed 96640K, reserved 1132544K
  class space    used 11923K, capacity 12572K, committed 12672K, reserved 1048576K
Event: 139.105 GC heap after
Heap after GC invocations=15 (full 3):
 PSYoungGen      total 402944K, used 20129K [0x00000000e0000000, 0x00000000fb680000, 0x0000000100000000)
  eden space 380416K, 0% used [0x00000000e0000000,0x00000000e0000000,0x00000000f7380000)
  from space 22528K, 89% used [0x00000000fa080000,0x00000000fb428558,0x00000000fb680000)
  to   space 34304K, 0% used [0x00000000f7380000,0x00000000f7380000,0x00000000f9500000)
 ParOldGen       total 151552K, used 76789K [0x00000000a0000000, 0x00000000a9400000, 0x00000000e0000000)
  object space 151552K, 50% used [0x00000000a0000000,0x00000000a4afd6a8,0x00000000a9400000)
 Metaspace       used 93276K, capacity 96344K, committed 96640K, reserved 1132544K
  class space    used 11923K, capacity 12572K, committed 12672K, reserved 1048576K
}
Event: 140.186 GC heap before
{Heap before GC invocations=16 (full 3):
 PSYoungGen      total 402944K, used 109862K [0x00000000e0000000, 0x00000000fb680000, 0x0000000100000000)
  eden space 380416K, 23% used [0x00000000e0000000,0x00000000e57a1698,0x00000000f7380000)
  from space 22528K, 89% used [0x00000000fa080000,0x00000000fb428558,0x00000000fb680000)
  to   space 34304K, 0% used [0x00000000f7380000,0x00000000f7380000,0x00000000f9500000)
 ParOldGen       total 151552K, used 76789K [0x00000000a0000000, 0x00000000a9400000, 0x00000000e0000000)
  object space 151552K, 50% used [0x00000000a0000000,0x00000000a4afd6a8,0x00000000a9400000)
 Metaspace       used 95235K, capacity 98370K, committed 98496K, reserved 1134592K
  class space    used 12182K, capacity 12809K, committed 12928K, reserved 1048576K
Event: 140.236 GC heap after
Heap after GC invocations=16 (full 3):
 PSYoungGen      total 414720K, used 21446K [0x00000000e0000000, 0x00000000fb680000, 0x0000000100000000)
  eden space 380416K, 0% used [0x00000000e0000000,0x00000000e0000000,0x00000000f7380000)
  from space 34304K, 62% used [0x00000000f7380000,0x00000000f8871808,0x00000000f9500000)
  to   space 22528K, 0% used [0x00000000fa080000,0x00000000fa080000,0x00000000fb680000)
 ParOldGen       total 151552K, used 76797K [0x00000000a0000000, 0x00000000a9400000, 0x00000000e0000000)
  object space 151552K, 50% used [0x00000000a0000000,0x00000000a4aff6a8,0x00000000a9400000)
 Metaspace       used 95235K, capacity 98370K, committed 98496K, reserved 1134592K
  class space    used 12182K, capacity 12809K, committed 12928K, reserved 1048576K
}
Event: 140.236 GC heap before
{Heap before GC invocations=17 (full 4):
 PSYoungGen      total 414720K, used 21446K [0x00000000e0000000, 0x00000000fb680000, 0x0000000100000000)
  eden space 380416K, 0% used [0x00000000e0000000,0x00000000e0000000,0x00000000f7380000)
  from space 34304K, 62% used [0x00000000f7380000,0x00000000f8871808,0x00000000f9500000)
  to   space 22528K, 0% used [0x00000000fa080000,0x00000000fa080000,0x00000000fb680000)
 ParOldGen       total 151552K, used 76797K [0x00000000a0000000, 0x00000000a9400000, 0x00000000e0000000)
  object space 151552K, 50% used [0x00000000a0000000,0x00000000a4aff6a8,0x00000000a9400000)
 Metaspace       used 95235K, capacity 98370K, committed 98496K, reserved 1134592K
  class space    used 12182K, capacity 12809K, committed 12928K, reserved 1048576K
Event: 140.679 GC heap after
Heap after GC invocations=17 (full 4):
 PSYoungGen      total 414720K, used 0K [0x00000000e0000000, 0x00000000fb680000, 0x0000000100000000)
  eden space 380416K, 0% used [0x00000000e0000000,0x00000000e0000000,0x00000000f7380000)
  from space 34304K, 0% used [0x00000000f7380000,0x00000000f7380000,0x00000000f9500000)
  to   space 22528K, 0% used [0x00000000fa080000,0x00000000fa080000,0x00000000fb680000)
 ParOldGen       total 151552K, used 72284K [0x00000000a0000000, 0x00000000a9400000, 0x00000000e0000000)
  object space 151552K, 47% used [0x00000000a0000000,0x00000000a4697390,0x00000000a9400000)
 Metaspace       used 95068K, capacity 97928K, committed 98496K, reserved 1134592K
  class space    used 12128K, capacity 12714K, committed 12928K, reserved 1048576K
}

