# JRE version: OpenJDK Runtime Environment (8.0_242-b01) (build 1.8.0_242-release-1644-b01)
# Java VM: OpenJDK 64-Bit Server VM (25.242-b01 mixed mode windows-amd64 compressed oops)
Heap:
 PSYoungGen      total 320000K, used 207139K [0x00000000e0000000, 0x00000000f6300000, 0x0000000100000000)
  eden space 299008K, 62% used [0x00000000e0000000,0x00000000eb6174e8,0x00000000f2400000)
  from space 20992K, 98% used [0x00000000f2d00000,0x00000000f4131a90,0x00000000f4180000)
  to   space 32256K, 0% used [0x00000000f4380000,0x00000000f4380000,0x00000000f6300000)
 ParOldGen       total 286208K, used 55808K [0x00000000a0000000, 0x00000000b1780000, 0x00000000e0000000)
  object space 286208K, 19% used [0x00000000a0000000,0x00000000a3680350,0x00000000b1780000)
 Metaspace       used 106040K, capacity 109554K, committed 110976K, reserved 1144832K
  class space    used 13919K, capacity 14651K, committed 14976K, reserved 1048576K
GC Heap History (10 events):
Event: 34.199 GC heap before
{Heap before GC invocations=15 (full 3):
 PSYoungGen      total 224256K, used 224241K [0x00000000e0000000, 0x00000000f2600000, 0x0000000100000000)
  eden space 205312K, 100% used [0x00000000e0000000,0x00000000ec880000,0x00000000ec880000)
  from space 18944K, 99% used [0x00000000ec880000,0x00000000edafc788,0x00000000edb00000)
  to   space 21504K, 0% used [0x00000000f1100000,0x00000000f1100000,0x00000000f2600000)
 ParOldGen       total 198656K, used 31949K [0x00000000a0000000, 0x00000000ac200000, 0x00000000e0000000)
  object space 198656K, 16% used [0x00000000a0000000,0x00000000a1f335b0,0x00000000ac200000)
 Metaspace       used 75328K, capacity 78586K, committed 78720K, reserved 1118208K
  class space    used 10132K, capacity 10782K, committed 10880K, reserved 1048576K
Event: 34.234 GC heap after
Heap after GC invocations=15 (full 3):
 PSYoungGen      total 273920K, used 21479K [0x00000000e0000000, 0x00000000f2980000, 0x0000000100000000)
  eden space 252416K, 0% used [0x00000000e0000000,0x00000000e0000000,0x00000000ef680000)
  from space 21504K, 99% used [0x00000000f1100000,0x00000000f25f9d00,0x00000000f2600000)
  to   space 26112K, 0% used [0x00000000ef680000,0x00000000ef680000,0x00000000f1000000)
 ParOldGen       total 198656K, used 37436K [0x00000000a0000000, 0x00000000ac200000, 0x00000000e0000000)
  object space 198656K, 18% used [0x00000000a0000000,0x00000000a248f368,0x00000000ac200000)
 Metaspace       used 75328K, capacity 78586K, committed 78720K, reserved 1118208K
  class space    used 10132K, capacity 10782K, committed 10880K, reserved 1048576K
}
Event: 36.987 GC heap before
{Heap before GC invocations=16 (full 3):
 PSYoungGen      total 273920K, used 273895K [0x00000000e0000000, 0x00000000f2980000, 0x0000000100000000)
  eden space 252416K, 100% used [0x00000000e0000000,0x00000000ef680000,0x00000000ef680000)
  from space 21504K, 99% used [0x00000000f1100000,0x00000000f25f9d00,0x00000000f2600000)
  to   space 26112K, 0% used [0x00000000ef680000,0x00000000ef680000,0x00000000f1000000)
 ParOldGen       total 198656K, used 37436K [0x00000000a0000000, 0x00000000ac200000, 0x00000000e0000000)
  object space 198656K, 18% used [0x00000000a0000000,0x00000000a248f368,0x00000000ac200000)
 Metaspace       used 78263K, capacity 81660K, committed 81792K, reserved 1120256K
  class space    used 10423K, capacity 11100K, committed 11136K, reserved 1048576K
Event: 37.033 GC heap after
Heap after GC invocations=16 (full 3):
 PSYoungGen      total 278528K, used 23144K [0x00000000e0000000, 0x00000000f6c00000, 0x0000000100000000)
  eden space 252416K, 0% used [0x00000000e0000000,0x00000000e0000000,0x00000000ef680000)
  from space 26112K, 88% used [0x00000000ef680000,0x00000000f0d1a240,0x00000000f1000000)
  to   space 28672K, 0% used [0x00000000f5000000,0x00000000f5000000,0x00000000f6c00000)
 ParOldGen       total 198656K, used 56112K [0x00000000a0000000, 0x00000000ac200000, 0x00000000e0000000)
  object space 198656K, 28% used [0x00000000a0000000,0x00000000a36cc218,0x00000000ac200000)
 Metaspace       used 78263K, capacity 81660K, committed 81792K, reserved 1120256K
  class space    used 10423K, capacity 11100K, committed 11136K, reserved 1048576K
}
Event: 1660.164 GC heap before
{Heap before GC invocations=17 (full 3):
 PSYoungGen      total 278528K, used 271723K [0x00000000e0000000, 0x00000000f6c00000, 0x0000000100000000)
  eden space 252416K, 98% used [0x00000000e0000000,0x00000000ef2c0d58,0x00000000ef680000)
  from space 26112K, 88% used [0x00000000ef680000,0x00000000f0d1a240,0x00000000f1000000)
  to   space 28672K, 0% used [0x00000000f5000000,0x00000000f5000000,0x00000000f6c00000)
 ParOldGen       total 198656K, used 56112K [0x00000000a0000000, 0x00000000ac200000, 0x00000000e0000000)
  object space 198656K, 28% used [0x00000000a0000000,0x00000000a36cc218,0x00000000ac200000)
 Metaspace       used 94228K, capacity 98440K, committed 98560K, reserved 1134592K
  class space    used 12478K, capacity 13358K, committed 13440K, reserved 1048576K
Event: 1660.196 GC heap after
Heap after GC invocations=17 (full 3):
 PSYoungGen      total 273408K, used 28525K [0x00000000e0000000, 0x00000000f6c00000, 0x0000000100000000)
  eden space 244736K, 0% used [0x00000000e0000000,0x00000000e0000000,0x00000000eef00000)
  from space 28672K, 99% used [0x00000000f5000000,0x00000000f6bdb758,0x00000000f6c00000)
  to   space 32256K, 0% used [0x00000000f2d00000,0x00000000f2d00000,0x00000000f4c80000)
 ParOldGen       total 198656K, used 56120K [0x00000000a0000000, 0x00000000ac200000, 0x00000000e0000000)
  object space 198656K, 28% used [0x00000000a0000000,0x00000000a36ce218,0x00000000ac200000)
 Metaspace       used 94228K, capacity 98440K, committed 98560K, reserved 1134592K
  class space    used 12478K, capacity 13358K, committed 13440K, reserved 1048576K
}
Event: 1660.196 GC heap before
{Heap before GC invocations=18 (full 4):
 PSYoungGen      total 273408K, used 28525K [0x00000000e0000000, 0x00000000f6c00000, 0x0000000100000000)
  eden space 244736K, 0% used [0x00000000e0000000,0x00000000e0000000,0x00000000eef00000)
  from space 28672K, 99% used [0x00000000f5000000,0x00000000f6bdb758,0x00000000f6c00000)
  to   space 32256K, 0% used [0x00000000f2d00000,0x00000000f2d00000,0x00000000f4c80000)
 ParOldGen       total 198656K, used 56120K [0x00000000a0000000, 0x00000000ac200000, 0x00000000e0000000)
  object space 198656K, 28% used [0x00000000a0000000,0x00000000a36ce218,0x00000000ac200000)
 Metaspace       used 94228K, capacity 98440K, committed 98560K, reserved 1134592K
  class space    used 12478K, capacity 13358K, committed 13440K, reserved 1048576K
Event: 1660.475 GC heap after
Heap after GC invocations=18 (full 4):
 PSYoungGen      total 273408K, used 0K [0x00000000e0000000, 0x00000000f6c00000, 0x0000000100000000)
  eden space 244736K, 0% used [0x00000000e0000000,0x00000000e0000000,0x00000000eef00000)
  from space 28672K, 0% used [0x00000000f5000000,0x00000000f5000000,0x00000000f6c00000)
  to   space 32256K, 0% used [0x00000000f2d00000,0x00000000f2d00000,0x00000000f4c80000)
 ParOldGen       total 286208K, used 55800K [0x00000000a0000000, 0x00000000b1780000, 0x00000000e0000000)
  object space 286208K, 19% used [0x00000000a0000000,0x00000000a367e350,0x00000000b1780000)
 Metaspace       used 92947K, capacity 95852K, committed 98560K, reserved 1134592K
  class space    used 12201K, capacity 12858K, committed 13440K, reserved 1048576K
}
Event: 1667.838 GC heap before
{Heap before GC invocations=19 (full 4):
 PSYoungGen      total 273408K, used 244736K [0x00000000e0000000, 0x00000000f6c00000, 0x0000000100000000)
  eden space 244736K, 100% used [0x00000000e0000000,0x00000000eef00000,0x00000000eef00000)
  from space 28672K, 0% used [0x00000000f5000000,0x00000000f5000000,0x00000000f6c00000)
  to   space 32256K, 0% used [0x00000000f2d00000,0x00000000f2d00000,0x00000000f4c80000)
 ParOldGen       total 286208K, used 55800K [0x00000000a0000000, 0x00000000b1780000, 0x00000000e0000000)
  object space 286208K, 19% used [0x00000000a0000000,0x00000000a367e350,0x00000000b1780000)
 Metaspace       used 98409K, capacity 101726K, committed 103680K, reserved 1138688K
  class space    used 12929K, capacity 13633K, committed 14080K, reserved 1048576K
Event: 1667.859 GC heap after
Heap after GC invocations=19 (full 4):
 PSYoungGen      total 320000K, used 20678K [0x00000000e0000000, 0x00000000f6300000, 0x0000000100000000)
  eden space 299008K, 0% used [0x00000000e0000000,0x00000000e0000000,0x00000000f2400000)
  from space 20992K, 98% used [0x00000000f2d00000,0x00000000f4131a90,0x00000000f4180000)
  to   space 32256K, 0% used [0x00000000f4380000,0x00000000f4380000,0x00000000f6300000)
 ParOldGen       total 286208K, used 55808K [0x00000000a0000000, 0x00000000b1780000, 0x00000000e0000000)
  object space 286208K, 19% used [0x00000000a0000000,0x00000000a3680350,0x00000000b1780000)
 Metaspace       used 98409K, capacity 101726K, committed 103680K, reserved 1138688K
  class space    used 12929K, capacity 13633K, committed 14080K, reserved 1048576K
}

