# JRE version: OpenJDK Runtime Environment (8.0_242-b01) (build 1.8.0_242-release-1644-b01)
# Java VM: OpenJDK 64-Bit Server VM (25.242-b01 mixed mode windows-amd64 compressed oops)
Heap:
 PSYoungGen      total 140800K, used 127178K [0x000000076bd00000, 0x0000000777900000, 0x00000007c0000000)
  eden space 130048K, 97% used [0x000000076bd00000,0x0000000773932b70,0x0000000773c00000)
  from space 10752K, 0% used [0x0000000773c00000,0x0000000773c00000,0x0000000774680000)
  to   space 10752K, 0% used [0x0000000776e80000,0x0000000776e80000,0x0000000777900000)
 ParOldGen       total 224256K, used 27838K [0x00000006c3600000, 0x00000006d1100000, 0x000000076bd00000)
  object space 224256K, 12% used [0x00000006c3600000,0x00000006c512faf8,0x00000006d1100000)
 Metaspace       used 43505K, capacity 44222K, committed 44464K, reserved 1087488K
  class space    used 5321K, capacity 5518K, committed 5552K, reserved 1048576K
GC Heap History (10 events):
Event: 1.853 GC heap before
{Heap before GC invocations=1 (full 0):
 PSYoungGen      total 75776K, used 65024K [0x000000076bd00000, 0x0000000771180000, 0x00000007c0000000)
  eden space 65024K, 100% used [0x000000076bd00000,0x000000076fc80000,0x000000076fc80000)
  from space 10752K, 0% used [0x0000000770700000,0x0000000770700000,0x0000000771180000)
  to   space 10752K, 0% used [0x000000076fc80000,0x000000076fc80000,0x0000000770700000)
 ParOldGen       total 173568K, used 0K [0x00000006c3600000, 0x00000006cdf80000, 0x000000076bd00000)
  object space 173568K, 0% used [0x00000006c3600000,0x00000006c3600000,0x00000006cdf80000)
 Metaspace       used 15553K, capacity 15814K, committed 16000K, reserved 1062912K
  class space    used 1809K, capacity 1917K, committed 1920K, reserved 1048576K
Event: 1.875 GC heap after
Heap after GC invocations=1 (full 0):
 PSYoungGen      total 75776K, used 10729K [0x000000076bd00000, 0x0000000775100000, 0x00000007c0000000)
  eden space 65024K, 0% used [0x000000076bd00000,0x000000076bd00000,0x000000076fc80000)
  from space 10752K, 99% used [0x000000076fc80000,0x00000007706fa5e0,0x0000000770700000)
  to   space 10752K, 0% used [0x0000000774680000,0x0000000774680000,0x0000000775100000)
 ParOldGen       total 173568K, used 4565K [0x00000006c3600000, 0x00000006cdf80000, 0x000000076bd00000)
  object space 173568K, 2% used [0x00000006c3600000,0x00000006c3a75690,0x00000006cdf80000)
 Metaspace       used 15553K, capacity 15814K, committed 16000K, reserved 1062912K
  class space    used 1809K, capacity 1917K, committed 1920K, reserved 1048576K
}
Event: 2.425 GC heap before
{Heap before GC invocations=2 (full 0):
 PSYoungGen      total 75776K, used 32176K [0x000000076bd00000, 0x0000000775100000, 0x00000007c0000000)
  eden space 65024K, 32% used [0x000000076bd00000,0x000000076d1f1b18,0x000000076fc80000)
  from space 10752K, 99% used [0x000000076fc80000,0x00000007706fa5e0,0x0000000770700000)
  to   space 10752K, 0% used [0x0000000774680000,0x0000000774680000,0x0000000775100000)
 ParOldGen       total 173568K, used 4565K [0x00000006c3600000, 0x00000006cdf80000, 0x000000076bd00000)
  object space 173568K, 2% used [0x00000006c3600000,0x00000006c3a75690,0x00000006cdf80000)
 Metaspace       used 20819K, capacity 21244K, committed 21296K, reserved 1069056K
  class space    used 2455K, capacity 2592K, committed 2608K, reserved 1048576K
Event: 2.434 GC heap after
Heap after GC invocations=2 (full 0):
 PSYoungGen      total 140800K, used 9763K [0x000000076bd00000, 0x0000000775100000, 0x00000007c0000000)
  eden space 130048K, 0% used [0x000000076bd00000,0x000000076bd00000,0x0000000773c00000)
  from space 10752K, 90% used [0x0000000774680000,0x0000000775008c38,0x0000000775100000)
  to   space 10752K, 0% used [0x0000000773c00000,0x0000000773c00000,0x0000000774680000)
 ParOldGen       total 173568K, used 4637K [0x00000006c3600000, 0x00000006cdf80000, 0x000000076bd00000)
  object space 173568K, 2% used [0x00000006c3600000,0x00000006c3a876a0,0x00000006cdf80000)
 Metaspace       used 20819K, capacity 21244K, committed 21296K, reserved 1069056K
  class space    used 2455K, capacity 2592K, committed 2608K, reserved 1048576K
}
Event: 2.434 GC heap before
{Heap before GC invocations=3 (full 1):
 PSYoungGen      total 140800K, used 9763K [0x000000076bd00000, 0x0000000775100000, 0x00000007c0000000)
  eden space 130048K, 0% used [0x000000076bd00000,0x000000076bd00000,0x0000000773c00000)
  from space 10752K, 90% used [0x0000000774680000,0x0000000775008c38,0x0000000775100000)
  to   space 10752K, 0% used [0x0000000773c00000,0x0000000773c00000,0x0000000774680000)
 ParOldGen       total 173568K, used 4637K [0x00000006c3600000, 0x00000006cdf80000, 0x000000076bd00000)
  object space 173568K, 2% used [0x00000006c3600000,0x00000006c3a876a0,0x00000006cdf80000)
 Metaspace       used 20819K, capacity 21244K, committed 21296K, reserved 1069056K
  class space    used 2455K, capacity 2592K, committed 2608K, reserved 1048576K
Event: 2.500 GC heap after
Heap after GC invocations=3 (full 1):
 PSYoungGen      total 140800K, used 0K [0x000000076bd00000, 0x0000000775100000, 0x00000007c0000000)
  eden space 130048K, 0% used [0x000000076bd00000,0x000000076bd00000,0x0000000773c00000)
  from space 10752K, 0% used [0x0000000774680000,0x0000000774680000,0x0000000775100000)
  to   space 10752K, 0% used [0x0000000773c00000,0x0000000773c00000,0x0000000774680000)
 ParOldGen       total 123392K, used 9472K [0x00000006c3600000, 0x00000006cae80000, 0x000000076bd00000)
  object space 123392K, 7% used [0x00000006c3600000,0x00000006c3f403b8,0x00000006cae80000)
 Metaspace       used 20819K, capacity 21244K, committed 21296K, reserved 1069056K
  class space    used 2455K, capacity 2592K, committed 2608K, reserved 1048576K
}
Event: 4.663 GC heap before
{Heap before GC invocations=4 (full 1):
 PSYoungGen      total 140800K, used 94924K [0x000000076bd00000, 0x0000000775100000, 0x00000007c0000000)
  eden space 130048K, 72% used [0x000000076bd00000,0x00000007719b3050,0x0000000773c00000)
  from space 10752K, 0% used [0x0000000774680000,0x0000000774680000,0x0000000775100000)
  to   space 10752K, 0% used [0x0000000773c00000,0x0000000773c00000,0x0000000774680000)
 ParOldGen       total 123392K, used 9472K [0x00000006c3600000, 0x00000006cae80000, 0x000000076bd00000)
  object space 123392K, 7% used [0x00000006c3600000,0x00000006c3f403b8,0x00000006cae80000)
 Metaspace       used 34752K, capacity 35214K, committed 35496K, reserved 1081344K
  class space    used 4421K, capacity 4580K, committed 4656K, reserved 1048576K
Event: 4.683 GC heap after
Heap after GC invocations=4 (full 1):
 PSYoungGen      total 140800K, used 10732K [0x000000076bd00000, 0x0000000777900000, 0x00000007c0000000)
  eden space 130048K, 0% used [0x000000076bd00000,0x000000076bd00000,0x0000000773c00000)
  from space 10752K, 99% used [0x0000000773c00000,0x000000077467b158,0x0000000774680000)
  to   space 10752K, 0% used [0x0000000776e80000,0x0000000776e80000,0x0000000777900000)
 ParOldGen       total 123392K, used 21397K [0x00000006c3600000, 0x00000006cae80000, 0x000000076bd00000)
  object space 123392K, 17% used [0x00000006c3600000,0x00000006c4ae5660,0x00000006cae80000)
 Metaspace       used 34752K, capacity 35214K, committed 35496K, reserved 1081344K
  class space    used 4421K, capacity 4580K, committed 4656K, reserved 1048576K
}
Event: 4.683 GC heap before
{Heap before GC invocations=5 (full 2):
 PSYoungGen      total 140800K, used 10732K [0x000000076bd00000, 0x0000000777900000, 0x00000007c0000000)
  eden space 130048K, 0% used [0x000000076bd00000,0x000000076bd00000,0x0000000773c00000)
  from space 10752K, 99% used [0x0000000773c00000,0x000000077467b158,0x0000000774680000)
  to   space 10752K, 0% used [0x0000000776e80000,0x0000000776e80000,0x0000000777900000)
 ParOldGen       total 123392K, used 21397K [0x00000006c3600000, 0x00000006cae80000, 0x000000076bd00000)
  object space 123392K, 17% used [0x00000006c3600000,0x00000006c4ae5660,0x00000006cae80000)
 Metaspace       used 34752K, capacity 35214K, committed 35496K, reserved 1081344K
  class space    used 4421K, capacity 4580K, committed 4656K, reserved 1048576K
Event: 4.742 GC heap after
Heap after GC invocations=5 (full 2):
 PSYoungGen      total 140800K, used 0K [0x000000076bd00000, 0x0000000777900000, 0x00000007c0000000)
  eden space 130048K, 0% used [0x000000076bd00000,0x000000076bd00000,0x0000000773c00000)
  from space 10752K, 0% used [0x0000000773c00000,0x0000000773c00000,0x0000000774680000)
  to   space 10752K, 0% used [0x0000000776e80000,0x0000000776e80000,0x0000000777900000)
 ParOldGen       total 224256K, used 27838K [0x00000006c3600000, 0x00000006d1100000, 0x000000076bd00000)
  object space 224256K, 12% used [0x00000006c3600000,0x00000006c512faf8,0x00000006d1100000)
 Metaspace       used 34752K, capacity 35214K, committed 35496K, reserved 1081344K
  class space    used 4421K, capacity 4580K, committed 4656K, reserved 1048576K
}

